This is pdfTeX, Version 3.141592653-2.6-1.40.22 (TeX Live 2022/dev/Debian) (preloaded format=pdflatex 2025.5.20)  6 JUN 2025 01:47
entering extended mode
 restricted \write18 enabled.
 %&-line parsing enabled.
**\scrollmode

*
(Please type a command or say `\end')
*\documentclass[12pt]{article}

*\let\paperwidthsave\paperwidth\let\paperwidth\undefined
(/usr/share/texlive/texmf-dist/tex/latex/base/article.cls
Document Class: article 2021/10/04 v1.4n Standard LaTeX document class
(/usr/share/texlive/texmf-dist/tex/latex/base/size12.clo
File: size12.clo 2021/10/04 v1.4n Standard LaTeX file (size option)
)
\c@part=\count185
\c@section=\count186
\c@subsection=\count187
\c@subsubsection=\count188
\c@paragraph=\count189
\c@subparagraph=\count190
\c@figure=\count191
\c@table=\count192
\abovecaptionskip=\skip47
\belowcaptionskip=\skip48
\bibindent=\dimen138
)
*\usepackage{graphicx}

*\let\paperwidth\paperwidthsave
(/usr/share/texlive/texmf-dist/tex/latex/graphics/graphicx.sty
Package: graphicx 2021/09/16 v1.2d Enhanced LaTeX Graphics (DPC,SPQR)

(/usr/share/texlive/texmf-dist/tex/latex/graphics/keyval.sty
Package: keyval 2014/10/28 v1.15 key=value parser (DPC)
\KV@toks@=\toks16
)
(/usr/share/texlive/texmf-dist/tex/latex/graphics/graphics.sty
Package: graphics 2021/03/04 v1.4d Standard LaTeX Graphics (DPC,SPQR)

(/usr/share/texlive/texmf-dist/tex/latex/graphics/trig.sty
Package: trig 2021/08/11 v1.11 sin cos tan (DPC)
)
(/usr/share/texlive/texmf-dist/tex/latex/graphics-cfg/graphics.cfg
File: graphics.cfg 2016/06/04 v1.11 sample graphics configuration
)
Package graphics Info: Driver file: pdftex.def on input line 107.

(/usr/share/texlive/texmf-dist/tex/latex/graphics-def/pdftex.def
File: pdftex.def 2020/10/05 v1.2a Graphics/color driver for pdftex
))
\Gin@req@height=\dimen139
\Gin@req@width=\dimen140
)
*\usepackage[lite,subscriptcorrection,slantedGreek,nofontinfo,amsbb,eucal]{mtpr
o2}

*
(/usr/local/share/texmf/tex/latex/mtpro2/mtpro2.sty
Package: mtpro2 2009/4/27 v2.3 MathTimePro II - added arc accents MathTimePro I
I - fixed rbrace problem with straightbraces and morphedbraces options MathTime
Pro II - fix bug with z = \backslash widetilde{\backslash sum_{x }}MathTimePro 
II v2 font support (PCTeX/WaS)MathTimePro II v2.1a Allowed alternate form of I 
in Math Script Fonts (MS)
Now handling font encoding LMP1 ...
... no UTF-8 mapping file for font encoding LMP1
Now handling font encoding LMP2 ...
... no UTF-8 mapping file for font encoding LMP2
Now handling font encoding LMP3 ...
... no UTF-8 mapping file for font encoding LMP3
\pointcount@=\count193
\prePbox@=\box50
\Pbox@=\box51
\LRbox@=\box52
\HATbox@=\box53
\TDbox@=\box54
\CHbox@=\box55
\ARCbox@=\box56
\preSbox@=\box57
\Sbox@=\box58
\SQcount@=\count194
\SQRTbox@=\box59
\UPROOT@=\count195
\LEFTROOT@=\count196
\limtype@=\count197
\xlfont@=\count198
\xlposition@=\count199
\xlposition@ii=\count266
\optype@=\count267
\x@count=\count268
\maxXLscripts@=\dimen141
)
(Please type a command or say `\end')
*
(Please type a command or say `\end')
*\newbox\ASYbox
\ASYbox=\box60

*\newdimen\ASYdimen
\ASYdimen=\dimen142

*\def\ASYprefix{asy/}

*\long\def\ASYbase#1#2{\leavevmode\setbox\ASYbox=\hbox{#1}%\ASYdimen=\ht\ASYbox
%

*\setbox\ASYbox=\hbox{#2}\lower\ASYdimen\box\ASYbox}

*\begin{document}
(/usr/share/texlive/texmf-dist/tex/latex/l3backend/l3backend-pdftex.def
File: l3backend-pdftex.def 2022-01-12 L3 backend support: PDF output (pdfTeX)
\l__color_backend_stack_int=\count269
\l__pdf_internal_box=\box61
)
No file reporte.aux.
\openout1 = `reporte.aux'.

(/usr/share/texlive/texmf-dist/tex/context/base/mkii/supp-pdf.mkii
[Loading MPS to PDF converter (version 2006.09.02).]
\scratchcounter=\count270
\scratchdimen=\dimen143
\scratchbox=\box62
\nofMPsegments=\count271
\nofMParguments=\count272
\everyMPshowfont=\toks17
\MPscratchCnt=\count273
\MPscratchDim=\dimen144
\MPnumerator=\count274
\makeMPintoPDFobject=\count275
\everyMPtoPDFconversion=\toks18
) (/usr/share/texlive/texmf-dist/tex/latex/epstopdf-pkg/epstopdf-base.sty
Package: epstopdf-base 2020-01-24 v2.11 Base part for package epstopdf

(/usr/share/texlive/texmf-dist/tex/generic/infwarerr/infwarerr.sty
Package: infwarerr 2019/12/03 v1.5 Providing info/warning/error messages (HO)
)
(/usr/share/texlive/texmf-dist/tex/latex/grfext/grfext.sty
Package: grfext 2019/12/03 v1.3 Manage graphics extensions (HO)

(/usr/share/texlive/texmf-dist/tex/generic/kvdefinekeys/kvdefinekeys.sty
Package: kvdefinekeys 2019-12-19 v1.6 Define keys (HO)
))
(/usr/share/texlive/texmf-dist/tex/latex/kvoptions/kvoptions.sty
Package: kvoptions 2020-10-07 v3.14 Key value format for package options (HO)

(/usr/share/texlive/texmf-dist/tex/generic/ltxcmds/ltxcmds.sty
Package: ltxcmds 2020-05-10 v1.25 LaTeX kernel commands for general use (HO)
)
(/usr/share/texlive/texmf-dist/tex/generic/kvsetkeys/kvsetkeys.sty
Package: kvsetkeys 2019/12/15 v1.18 Key value parser (HO)
))
(/usr/share/texlive/texmf-dist/tex/generic/pdftexcmds/pdftexcmds.sty
Package: pdftexcmds 2020-06-27 v0.33 Utility functions of pdfTeX for LuaTeX (HO
)

(/usr/share/texlive/texmf-dist/tex/generic/iftex/iftex.sty
Package: iftex 2020/03/06 v1.0d TeX engine tests
)
Package pdftexcmds Info: \pdf@primitive is available.
Package pdftexcmds Info: \pdf@ifprimitive is available.
Package pdftexcmds Info: \pdfdraftmode found.
)
Package epstopdf-base Info: Redefining graphics rule for `.eps' on input line 4
85.
Package grfext Info: Graphics extension search list:
(grfext)             [.pdf,.png,.jpg,.mps,.jpeg,.jbig2,.jb2,.PDF,.PNG,.JPG,.JPE
G,.JBIG2,.JB2,.eps]
(grfext)             \AppendGraphicsExtensions on input line 504.

(/usr/share/texlive/texmf-dist/tex/latex/latexconfig/epstopdf-sys.cfg
File: epstopdf-sys.cfg 2010/07/13 v1.3 Configuration of (r)epstopdf for TeX Liv
e
))
\big@size=\dimen145

*\makeatletter%

*\let\ASYencoding\f@encoding%

*\let\ASYfamily\f@family%

*\let\ASYseries\f@series%

*\let\ASYshape\f@shape%

*\makeatother%

*\fontsize{12}{14.4}\selectfont%

*
(Please type a command or say `\end')
*\usefont{\ASYencoding}{\ASYfamily}{\ASYseries}{\ASYshape}%

*
(Please type a command or say `\end')
*\setbox\ASYbox=\hbox{\vphantom{$10^4$}$0$}

*
(Please type a command or say `\end')
*\immediate\write16{>dim(\the\wd\ASYbox)dim}
>dim(6.0pt)dim

*\immediate\write16{>dim(\the\ht\ASYbox)dim}
>dim(9.75598pt)dim

*\immediate\write16{>dim(\the\dp\ASYbox)dim}
>dim(0.0pt)dim

*\fontsize{12}{14.4}\selectfont%

*
(Please type a command or say `\end')
*\usefont{\ASYencoding}{\ASYfamily}{\ASYseries}{\ASYshape}%

*
(Please type a command or say `\end')
*\setbox\ASYbox=\hbox{\vphantom{$10^4$}$1$}

*
(Please type a command or say `\end')
*\immediate\write16{>dim(\the\wd\ASYbox)dim}
>dim(6.0pt)dim

*\immediate\write16{>dim(\the\ht\ASYbox)dim}
>dim(9.75598pt)dim

*\immediate\write16{>dim(\the\dp\ASYbox)dim}
>dim(0.0pt)dim

*\fontsize{12}{14.4}\selectfont%

*
(Please type a command or say `\end')
*\usefont{\ASYencoding}{\ASYfamily}{\ASYseries}{\ASYshape}%

*
(Please type a command or say `\end')
*\setbox\ASYbox=\hbox{\vphantom{$10^4$}$2$}

*
(Please type a command or say `\end')
*\immediate\write16{>dim(\the\wd\ASYbox)dim}
>dim(6.0pt)dim

*\immediate\write16{>dim(\the\ht\ASYbox)dim}
>dim(9.75598pt)dim

*\immediate\write16{>dim(\the\dp\ASYbox)dim}
>dim(0.0pt)dim

*\fontsize{12}{14.4}\selectfont%

*
(Please type a command or say `\end')
*\usefont{\ASYencoding}{\ASYfamily}{\ASYseries}{\ASYshape}%

*
(Please type a command or say `\end')
*\setbox\ASYbox=\hbox{\vphantom{$10^4$}$3$}

*
(Please type a command or say `\end')
*\immediate\write16{>dim(\the\wd\ASYbox)dim}
>dim(6.0pt)dim

*\immediate\write16{>dim(\the\ht\ASYbox)dim}
>dim(9.75598pt)dim

*\immediate\write16{>dim(\the\dp\ASYbox)dim}
>dim(0.0pt)dim

*\fontsize{12}{14.4}\selectfont%

*
(Please type a command or say `\end')
*\usefont{\ASYencoding}{\ASYfamily}{\ASYseries}{\ASYshape}%

*
(Please type a command or say `\end')
*\setbox\ASYbox=\hbox{\vphantom{$10^4$}$0$}

*
(Please type a command or say `\end')
*\immediate\write16{>dim(\the\wd\ASYbox)dim}
>dim(6.0pt)dim

*\immediate\write16{>dim(\the\ht\ASYbox)dim}
>dim(9.75598pt)dim

*\immediate\write16{>dim(\the\dp\ASYbox)dim}
>dim(0.0pt)dim

*\setbox\ASYbox=\hbox{\vphantom{$10^4$}$1$}

*
(Please type a command or say `\end')
*\immediate\write16{>dim(\the\wd\ASYbox)dim}
>dim(6.0pt)dim

*\immediate\write16{>dim(\the\ht\ASYbox)dim}
>dim(9.75598pt)dim

*\immediate\write16{>dim(\the\dp\ASYbox)dim}
>dim(0.0pt)dim

*\setbox\ASYbox=\hbox{\vphantom{$10^4$}$2$}

*
(Please type a command or say `\end')
*\immediate\write16{>dim(\the\wd\ASYbox)dim}
>dim(6.0pt)dim

*\immediate\write16{>dim(\the\ht\ASYbox)dim}
>dim(9.75598pt)dim

*\immediate\write16{>dim(\the\dp\ASYbox)dim}
>dim(0.0pt)dim

*\setbox\ASYbox=\hbox{\vphantom{$10^4$}$3$}

*
(Please type a command or say `\end')
*\immediate\write16{>dim(\the\wd\ASYbox)dim}
>dim(6.0pt)dim

*\immediate\write16{>dim(\the\ht\ASYbox)dim}
>dim(9.75598pt)dim

*\immediate\write16{>dim(\the\dp\ASYbox)dim}
>dim(0.0pt)dim

*\fontsize{12}{14.4}\selectfont%

*
(Please type a command or say `\end')
*\usefont{\ASYencoding}{\ASYfamily}{\ASYseries}{\ASYshape}%

*
(Please type a command or say `\end')
*\setbox\ASYbox=\hbox{$x$}

*
(Please type a command or say `\end')
*\immediate\write16{>dim(\the\wd\ASYbox)dim}
>dim(7.16399pt)dim

*\immediate\write16{>dim(\the\ht\ASYbox)dim}
>dim(5.484pt)dim

*\immediate\write16{>dim(\the\dp\ASYbox)dim}
>dim(0.0pt)dim

*\fontsize{12}{14.4}\selectfont%

*
(Please type a command or say `\end')
*\usefont{\ASYencoding}{\ASYfamily}{\ASYseries}{\ASYshape}%

*
(Please type a command or say `\end')
*\setbox\ASYbox=\hbox{$x$}

*
(Please type a command or say `\end')
*\immediate\write16{>dim(\the\wd\ASYbox)dim}
>dim(7.16399pt)dim

*\immediate\write16{>dim(\the\ht\ASYbox)dim}
>dim(5.484pt)dim

*\immediate\write16{>dim(\the\dp\ASYbox)dim}
>dim(0.0pt)dim

*\fontsize{12}{14.4}\selectfont%

*
(Please type a command or say `\end')
*\usefont{\ASYencoding}{\ASYfamily}{\ASYseries}{\ASYshape}%

*
(Please type a command or say `\end')
*\setbox\ASYbox=\hbox{\vphantom{$10^4$}$0$}

*
(Please type a command or say `\end')
*\immediate\write16{>dim(\the\wd\ASYbox)dim}
>dim(6.0pt)dim

*\immediate\write16{>dim(\the\ht\ASYbox)dim}
>dim(9.75598pt)dim

*\immediate\write16{>dim(\the\dp\ASYbox)dim}
>dim(0.0pt)dim

*\setbox\ASYbox=\hbox{\vphantom{$10^4$}$1$}

*
(Please type a command or say `\end')
*\immediate\write16{>dim(\the\wd\ASYbox)dim}
>dim(6.0pt)dim

*\immediate\write16{>dim(\the\ht\ASYbox)dim}
>dim(9.75598pt)dim

*\immediate\write16{>dim(\the\dp\ASYbox)dim}
>dim(0.0pt)dim

*\setbox\ASYbox=\hbox{\vphantom{$10^4$}$2$}

*
(Please type a command or say `\end')
*\immediate\write16{>dim(\the\wd\ASYbox)dim}
>dim(6.0pt)dim

*\immediate\write16{>dim(\the\ht\ASYbox)dim}
>dim(9.75598pt)dim

*\immediate\write16{>dim(\the\dp\ASYbox)dim}
>dim(0.0pt)dim

*\setbox\ASYbox=\hbox{\vphantom{$10^4$}$3$}

*
(Please type a command or say `\end')
*\immediate\write16{>dim(\the\wd\ASYbox)dim}
>dim(6.0pt)dim

*\immediate\write16{>dim(\the\ht\ASYbox)dim}
>dim(9.75598pt)dim

*\immediate\write16{>dim(\the\dp\ASYbox)dim}
>dim(0.0pt)dim

*\fontsize{12}{14.4}\selectfont%

*
(Please type a command or say `\end')
*\usefont{\ASYencoding}{\ASYfamily}{\ASYseries}{\ASYshape}%

*
(Please type a command or say `\end')
*\setbox\ASYbox=\hbox{\vphantom{$10^4$}$0$}

*
(Please type a command or say `\end')
*\immediate\write16{>dim(\the\wd\ASYbox)dim}
>dim(6.0pt)dim

*\immediate\write16{>dim(\the\ht\ASYbox)dim}
>dim(9.75598pt)dim

*\immediate\write16{>dim(\the\dp\ASYbox)dim}
>dim(0.0pt)dim

*\fontsize{12}{14.4}\selectfont%

*
(Please type a command or say `\end')
*\usefont{\ASYencoding}{\ASYfamily}{\ASYseries}{\ASYshape}%

*
(Please type a command or say `\end')
*\setbox\ASYbox=\hbox{\vphantom{$10^4$}$1$}

*
(Please type a command or say `\end')
*\immediate\write16{>dim(\the\wd\ASYbox)dim}
>dim(6.0pt)dim

*\immediate\write16{>dim(\the\ht\ASYbox)dim}
>dim(9.75598pt)dim

*\immediate\write16{>dim(\the\dp\ASYbox)dim}
>dim(0.0pt)dim

*\fontsize{12}{14.4}\selectfont%

*
(Please type a command or say `\end')
*\usefont{\ASYencoding}{\ASYfamily}{\ASYseries}{\ASYshape}%

*
(Please type a command or say `\end')
*\setbox\ASYbox=\hbox{\vphantom{$10^4$}$2$}

*
(Please type a command or say `\end')
*\immediate\write16{>dim(\the\wd\ASYbox)dim}
>dim(6.0pt)dim

*\immediate\write16{>dim(\the\ht\ASYbox)dim}
>dim(9.75598pt)dim

*\immediate\write16{>dim(\the\dp\ASYbox)dim}
>dim(0.0pt)dim

*\fontsize{12}{14.4}\selectfont%

*
(Please type a command or say `\end')
*\usefont{\ASYencoding}{\ASYfamily}{\ASYseries}{\ASYshape}%

*
(Please type a command or say `\end')
*\setbox\ASYbox=\hbox{\vphantom{$10^4$}$3$}

*
(Please type a command or say `\end')
*\immediate\write16{>dim(\the\wd\ASYbox)dim}
>dim(6.0pt)dim

*\immediate\write16{>dim(\the\ht\ASYbox)dim}
>dim(9.75598pt)dim

*\immediate\write16{>dim(\the\dp\ASYbox)dim}
>dim(0.0pt)dim

*\fontsize{12}{14.4}\selectfont%

*
(Please type a command or say `\end')
*\usefont{\ASYencoding}{\ASYfamily}{\ASYseries}{\ASYshape}%

*
(Please type a command or say `\end')
*\setbox\ASYbox=\hbox{$x$}

*
(Please type a command or say `\end')
*\immediate\write16{>dim(\the\wd\ASYbox)dim}
>dim(7.16399pt)dim

*\immediate\write16{>dim(\the\ht\ASYbox)dim}
>dim(5.484pt)dim

*\immediate\write16{>dim(\the\dp\ASYbox)dim}
>dim(0.0pt)dim

*\fontsize{12}{14.4}\selectfont%

*
(Please type a command or say `\end')
*\usefont{\ASYencoding}{\ASYfamily}{\ASYseries}{\ASYshape}%

*
(Please type a command or say `\end')
*\setbox\ASYbox=\hbox{$y$}

*
(Please type a command or say `\end')
*\immediate\write16{>dim(\the\wd\ASYbox)dim}
>dim(7.40399pt)dim

*\immediate\write16{>dim(\the\ht\ASYbox)dim}
>dim(5.484pt)dim

*\immediate\write16{>dim(\the\dp\ASYbox)dim}
>dim(2.568pt)dim

*\fontsize{12}{14.4}\selectfont%

*
(Please type a command or say `\end')
*\usefont{\ASYencoding}{\ASYfamily}{\ASYseries}{\ASYshape}%

*
(Please type a command or say `\end')
*\setbox\ASYbox=\hbox{\vphantom{$10^4$}$0$}

*
(Please type a command or say `\end')
*\immediate\write16{>dim(\the\wd\ASYbox)dim}
>dim(6.0pt)dim

*\immediate\write16{>dim(\the\ht\ASYbox)dim}
>dim(9.75598pt)dim

*\immediate\write16{>dim(\the\dp\ASYbox)dim}
>dim(0.0pt)dim

*\fontsize{12}{14.4}\selectfont%

*
(Please type a command or say `\end')
*\usefont{\ASYencoding}{\ASYfamily}{\ASYseries}{\ASYshape}%

*
(Please type a command or say `\end')
*\setbox\ASYbox=\hbox{\vphantom{$10^4$}$1$}

*
(Please type a command or say `\end')
*\immediate\write16{>dim(\the\wd\ASYbox)dim}
>dim(6.0pt)dim

*\immediate\write16{>dim(\the\ht\ASYbox)dim}
>dim(9.75598pt)dim

*\immediate\write16{>dim(\the\dp\ASYbox)dim}
>dim(0.0pt)dim

*\fontsize{12}{14.4}\selectfont%

*
(Please type a command or say `\end')
*\usefont{\ASYencoding}{\ASYfamily}{\ASYseries}{\ASYshape}%

*
(Please type a command or say `\end')
*\setbox\ASYbox=\hbox{\vphantom{$10^4$}$2$}

*
(Please type a command or say `\end')
*\immediate\write16{>dim(\the\wd\ASYbox)dim}
>dim(6.0pt)dim

*\immediate\write16{>dim(\the\ht\ASYbox)dim}
>dim(9.75598pt)dim

*\immediate\write16{>dim(\the\dp\ASYbox)dim}
>dim(0.0pt)dim

*\fontsize{12}{14.4}\selectfont%

*
(Please type a command or say `\end')
*\usefont{\ASYencoding}{\ASYfamily}{\ASYseries}{\ASYshape}%

*
(Please type a command or say `\end')
*\setbox\ASYbox=\hbox{\vphantom{$10^4$}$3$}

*
(Please type a command or say `\end')
*\immediate\write16{>dim(\the\wd\ASYbox)dim}
>dim(6.0pt)dim

*\immediate\write16{>dim(\the\ht\ASYbox)dim}
>dim(9.75598pt)dim

*\immediate\write16{>dim(\the\dp\ASYbox)dim}
>dim(0.0pt)dim

*\fontsize{12}{14.4}\selectfont%

*
(Please type a command or say `\end')
*\usefont{\ASYencoding}{\ASYfamily}{\ASYseries}{\ASYshape}%

*
(Please type a command or say `\end')
*\setbox\ASYbox=\hbox{\vphantom{$10^4$}$0$}

*
(Please type a command or say `\end')
*\immediate\write16{>dim(\the\wd\ASYbox)dim}
>dim(6.0pt)dim

*\immediate\write16{>dim(\the\ht\ASYbox)dim}
>dim(9.75598pt)dim

*\immediate\write16{>dim(\the\dp\ASYbox)dim}
>dim(0.0pt)dim

*\setbox\ASYbox=\hbox{\vphantom{$10^4$}$1$}

*
(Please type a command or say `\end')
*\immediate\write16{>dim(\the\wd\ASYbox)dim}
>dim(6.0pt)dim

*\immediate\write16{>dim(\the\ht\ASYbox)dim}
>dim(9.75598pt)dim

*\immediate\write16{>dim(\the\dp\ASYbox)dim}
>dim(0.0pt)dim

*\setbox\ASYbox=\hbox{\vphantom{$10^4$}$2$}

*
(Please type a command or say `\end')
*\immediate\write16{>dim(\the\wd\ASYbox)dim}
>dim(6.0pt)dim

*\immediate\write16{>dim(\the\ht\ASYbox)dim}
>dim(9.75598pt)dim

*\immediate\write16{>dim(\the\dp\ASYbox)dim}
>dim(0.0pt)dim

*\setbox\ASYbox=\hbox{\vphantom{$10^4$}$3$}

*
(Please type a command or say `\end')
*\immediate\write16{>dim(\the\wd\ASYbox)dim}
>dim(6.0pt)dim

*\immediate\write16{>dim(\the\ht\ASYbox)dim}
>dim(9.75598pt)dim

*\immediate\write16{>dim(\the\dp\ASYbox)dim}
>dim(0.0pt)dim

*\fontsize{12}{14.4}\selectfont%

*
(Please type a command or say `\end')
*\usefont{\ASYencoding}{\ASYfamily}{\ASYseries}{\ASYshape}%

*
(Please type a command or say `\end')
*\setbox\ASYbox=\hbox{$x$}

*
(Please type a command or say `\end')
*\immediate\write16{>dim(\the\wd\ASYbox)dim}
>dim(7.16399pt)dim

*\immediate\write16{>dim(\the\ht\ASYbox)dim}
>dim(5.484pt)dim

*\immediate\write16{>dim(\the\dp\ASYbox)dim}
>dim(0.0pt)dim

*\fontsize{12}{14.4}\selectfont%

*
(Please type a command or say `\end')
*\usefont{\ASYencoding}{\ASYfamily}{\ASYseries}{\ASYshape}%

*
(Please type a command or say `\end')
*\setbox\ASYbox=\hbox{$x$}

*
(Please type a command or say `\end')
*\immediate\write16{>dim(\the\wd\ASYbox)dim}
>dim(7.16399pt)dim

*\immediate\write16{>dim(\the\ht\ASYbox)dim}
>dim(5.484pt)dim

*\immediate\write16{>dim(\the\dp\ASYbox)dim}
>dim(0.0pt)dim

*\fontsize{12}{14.4}\selectfont%

*
(Please type a command or say `\end')
*\usefont{\ASYencoding}{\ASYfamily}{\ASYseries}{\ASYshape}%

*
(Please type a command or say `\end')
*\setbox\ASYbox=\hbox{\vphantom{$10^4$}$0$}

*
(Please type a command or say `\end')
*\immediate\write16{>dim(\the\wd\ASYbox)dim}
>dim(6.0pt)dim

*\immediate\write16{>dim(\the\ht\ASYbox)dim}
>dim(9.75598pt)dim

*\immediate\write16{>dim(\the\dp\ASYbox)dim}
>dim(0.0pt)dim

*\setbox\ASYbox=\hbox{\vphantom{$10^4$}$1$}

*
(Please type a command or say `\end')
*\immediate\write16{>dim(\the\wd\ASYbox)dim}
>dim(6.0pt)dim

*\immediate\write16{>dim(\the\ht\ASYbox)dim}
>dim(9.75598pt)dim

*\immediate\write16{>dim(\the\dp\ASYbox)dim}
>dim(0.0pt)dim

*\setbox\ASYbox=\hbox{\vphantom{$10^4$}$2$}

*
(Please type a command or say `\end')
*\immediate\write16{>dim(\the\wd\ASYbox)dim}
>dim(6.0pt)dim

*\immediate\write16{>dim(\the\ht\ASYbox)dim}
>dim(9.75598pt)dim

*\immediate\write16{>dim(\the\dp\ASYbox)dim}
>dim(0.0pt)dim

*\setbox\ASYbox=\hbox{\vphantom{$10^4$}$3$}

*
(Please type a command or say `\end')
*\immediate\write16{>dim(\the\wd\ASYbox)dim}
>dim(6.0pt)dim

*\immediate\write16{>dim(\the\ht\ASYbox)dim}
>dim(9.75598pt)dim

*\immediate\write16{>dim(\the\dp\ASYbox)dim}
>dim(0.0pt)dim

*\fontsize{12}{14.4}\selectfont%

*
(Please type a command or say `\end')
*\usefont{\ASYencoding}{\ASYfamily}{\ASYseries}{\ASYshape}%

*
(Please type a command or say `\end')
*\setbox\ASYbox=\hbox{\vphantom{$10^4$}$0$}

*
(Please type a command or say `\end')
*\immediate\write16{>dim(\the\wd\ASYbox)dim}
>dim(6.0pt)dim

*\immediate\write16{>dim(\the\ht\ASYbox)dim}
>dim(9.75598pt)dim

*\immediate\write16{>dim(\the\dp\ASYbox)dim}
>dim(0.0pt)dim

*\fontsize{12}{14.4}\selectfont%

*
(Please type a command or say `\end')
*\usefont{\ASYencoding}{\ASYfamily}{\ASYseries}{\ASYshape}%

*
(Please type a command or say `\end')
*\setbox\ASYbox=\hbox{\vphantom{$10^4$}$1$}

*
(Please type a command or say `\end')
*\immediate\write16{>dim(\the\wd\ASYbox)dim}
>dim(6.0pt)dim

*\immediate\write16{>dim(\the\ht\ASYbox)dim}
>dim(9.75598pt)dim

*\immediate\write16{>dim(\the\dp\ASYbox)dim}
>dim(0.0pt)dim

*\fontsize{12}{14.4}\selectfont%

*
(Please type a command or say `\end')
*\usefont{\ASYencoding}{\ASYfamily}{\ASYseries}{\ASYshape}%

*
(Please type a command or say `\end')
*\setbox\ASYbox=\hbox{\vphantom{$10^4$}$2$}

*
(Please type a command or say `\end')
*\immediate\write16{>dim(\the\wd\ASYbox)dim}
>dim(6.0pt)dim

*\immediate\write16{>dim(\the\ht\ASYbox)dim}
>dim(9.75598pt)dim

*\immediate\write16{>dim(\the\dp\ASYbox)dim}
>dim(0.0pt)dim

*\fontsize{12}{14.4}\selectfont%

*
(Please type a command or say `\end')
*\usefont{\ASYencoding}{\ASYfamily}{\ASYseries}{\ASYshape}%

*
(Please type a command or say `\end')
*\setbox\ASYbox=\hbox{\vphantom{$10^4$}$3$}

*
(Please type a command or say `\end')
*\immediate\write16{>dim(\the\wd\ASYbox)dim}
>dim(6.0pt)dim

*\immediate\write16{>dim(\the\ht\ASYbox)dim}
>dim(9.75598pt)dim

*\immediate\write16{>dim(\the\dp\ASYbox)dim}
>dim(0.0pt)dim

*\fontsize{12}{14.4}\selectfont%

*
(Please type a command or say `\end')
*\usefont{\ASYencoding}{\ASYfamily}{\ASYseries}{\ASYshape}%

*
(Please type a command or say `\end')
*\setbox\ASYbox=\hbox{$x$}

*
(Please type a command or say `\end')
*\immediate\write16{>dim(\the\wd\ASYbox)dim}
>dim(7.16399pt)dim

*\immediate\write16{>dim(\the\ht\ASYbox)dim}
>dim(5.484pt)dim

*\immediate\write16{>dim(\the\dp\ASYbox)dim}
>dim(0.0pt)dim

*\fontsize{8}{9.6}\selectfont%

*
(Please type a command or say `\end')
*\usefont{\ASYencoding}{\ASYfamily}{\ASYseries}{\ASYshape}%

*
(Please type a command or say `\end')
*\setbox\ASYbox=\hbox{\vphantom{$10^4$}$0$}

*
(Please type a command or say `\end')
*\immediate\write16{>dim(\the\wd\ASYbox)dim}
>dim(4.688pt)dim

*\immediate\write16{>dim(\the\ht\ASYbox)dim}
>dim(7.29599pt)dim

*\immediate\write16{>dim(\the\dp\ASYbox)dim}
>dim(0.0pt)dim

*\setbox\ASYbox=\hbox{\vphantom{$10^4$}$4$}

*
(Please type a command or say `\end')
*\immediate\write16{>dim(\the\wd\ASYbox)dim}
>dim(4.688pt)dim

*\immediate\write16{>dim(\the\ht\ASYbox)dim}
>dim(7.29599pt)dim

*\immediate\write16{>dim(\the\dp\ASYbox)dim}
>dim(0.0pt)dim

*\setbox\ASYbox=\hbox{\vphantom{$10^4$}$9$}

*
(Please type a command or say `\end')
*\immediate\write16{>dim(\the\wd\ASYbox)dim}
>dim(4.688pt)dim

*\immediate\write16{>dim(\the\ht\ASYbox)dim}
>dim(7.29599pt)dim

*\immediate\write16{>dim(\the\dp\ASYbox)dim}
>dim(0.0pt)dim

*\fontsize{12}{14.4}\selectfont%

*
(Please type a command or say `\end')
*\usefont{\ASYencoding}{\ASYfamily}{\ASYseries}{\ASYshape}%

*
(Please type a command or say `\end')
*\setbox\ASYbox=\hbox{$y$}

*
(Please type a command or say `\end')
*\immediate\write16{>dim(\the\wd\ASYbox)dim}
>dim(7.40399pt)dim

*\immediate\write16{>dim(\the\ht\ASYbox)dim}
>dim(5.484pt)dim

*\immediate\write16{>dim(\the\dp\ASYbox)dim}
>dim(2.568pt)dim

*\fontsize{8}{9.6}\selectfont%

*
(Please type a command or say `\end')
*\usefont{\ASYencoding}{\ASYfamily}{\ASYseries}{\ASYshape}%

*
(Please type a command or say `\end')
*\setbox\ASYbox=\hbox{\vphantom{$10^4$}$0$}

*
(Please type a command or say `\end')
*\immediate\write16{>dim(\the\wd\ASYbox)dim}
>dim(4.688pt)dim

*\immediate\write16{>dim(\the\ht\ASYbox)dim}
>dim(7.29599pt)dim

*\immediate\write16{>dim(\the\dp\ASYbox)dim}
>dim(0.0pt)dim

*\setbox\ASYbox=\hbox{\vphantom{$10^4$}$4$}

*
(Please type a command or say `\end')
*\immediate\write16{>dim(\the\wd\ASYbox)dim}
>dim(4.688pt)dim

*\immediate\write16{>dim(\the\ht\ASYbox)dim}
>dim(7.29599pt)dim

*\immediate\write16{>dim(\the\dp\ASYbox)dim}
>dim(0.0pt)dim

*\setbox\ASYbox=\hbox{\vphantom{$10^4$}$9$}

*
(Please type a command or say `\end')
*\immediate\write16{>dim(\the\wd\ASYbox)dim}
>dim(4.688pt)dim

*\immediate\write16{>dim(\the\ht\ASYbox)dim}
>dim(7.29599pt)dim

*\immediate\write16{>dim(\the\dp\ASYbox)dim}
>dim(0.0pt)dim

*\fontsize{12}{14.4}\selectfont%

*
(Please type a command or say `\end')
*\usefont{\ASYencoding}{\ASYfamily}{\ASYseries}{\ASYshape}%

*
(Please type a command or say `\end')
*\setbox\ASYbox=\hbox{$y$}

*
(Please type a command or say `\end')
*\immediate\write16{>dim(\the\wd\ASYbox)dim}
>dim(7.40399pt)dim

*\immediate\write16{>dim(\the\ht\ASYbox)dim}
>dim(5.484pt)dim

*\immediate\write16{>dim(\the\dp\ASYbox)dim}
>dim(2.568pt)dim

*\fontsize{12}{14.4}\selectfont%

*
(Please type a command or say `\end')
*\usefont{\ASYencoding}{\ASYfamily}{\ASYseries}{\ASYshape}%

*
(Please type a command or say `\end')
*\setbox\ASYbox=\hbox{$y$}

*
(Please type a command or say `\end')
*\immediate\write16{>dim(\the\wd\ASYbox)dim}
>dim(7.40399pt)dim

*\immediate\write16{>dim(\the\ht\ASYbox)dim}
>dim(5.484pt)dim

*\immediate\write16{>dim(\the\dp\ASYbox)dim}
>dim(2.568pt)dim

*\fontsize{12}{14.4}\selectfont%

*
(Please type a command or say `\end')
*\usefont{\ASYencoding}{\ASYfamily}{\ASYseries}{\ASYshape}%

*
(Please type a command or say `\end')
*\setbox\ASYbox=\hbox{\vphantom{$10^4$}$0$}

*
(Please type a command or say `\end')
*\immediate\write16{>dim(\the\wd\ASYbox)dim}
>dim(6.0pt)dim

*\immediate\write16{>dim(\the\ht\ASYbox)dim}
>dim(9.75598pt)dim

*\immediate\write16{>dim(\the\dp\ASYbox)dim}
>dim(0.0pt)dim

*\fontsize{12}{14.4}\selectfont%

*
(Please type a command or say `\end')
*\usefont{\ASYencoding}{\ASYfamily}{\ASYseries}{\ASYshape}%

*
(Please type a command or say `\end')
*\setbox\ASYbox=\hbox{\vphantom{$10^4$}$1$}

*
(Please type a command or say `\end')
*\immediate\write16{>dim(\the\wd\ASYbox)dim}
>dim(6.0pt)dim

*\immediate\write16{>dim(\the\ht\ASYbox)dim}
>dim(9.75598pt)dim

*\immediate\write16{>dim(\the\dp\ASYbox)dim}
>dim(0.0pt)dim

*\fontsize{12}{14.4}\selectfont%

*
(Please type a command or say `\end')
*\usefont{\ASYencoding}{\ASYfamily}{\ASYseries}{\ASYshape}%

*
(Please type a command or say `\end')
*\setbox\ASYbox=\hbox{\vphantom{$10^4$}$2$}

*
(Please type a command or say `\end')
*\immediate\write16{>dim(\the\wd\ASYbox)dim}
>dim(6.0pt)dim

*\immediate\write16{>dim(\the\ht\ASYbox)dim}
>dim(9.75598pt)dim

*\immediate\write16{>dim(\the\dp\ASYbox)dim}
>dim(0.0pt)dim

*\fontsize{12}{14.4}\selectfont%

*
(Please type a command or say `\end')
*\usefont{\ASYencoding}{\ASYfamily}{\ASYseries}{\ASYshape}%

*
(Please type a command or say `\end')
*\setbox\ASYbox=\hbox{\vphantom{$10^4$}$3$}

*
(Please type a command or say `\end')
*\immediate\write16{>dim(\the\wd\ASYbox)dim}
>dim(6.0pt)dim

*\immediate\write16{>dim(\the\ht\ASYbox)dim}
>dim(9.75598pt)dim

*\immediate\write16{>dim(\the\dp\ASYbox)dim}
>dim(0.0pt)dim

*\fontsize{12}{14.4}\selectfont%

*
(Please type a command or say `\end')
*\usefont{\ASYencoding}{\ASYfamily}{\ASYseries}{\ASYshape}%

*
(Please type a command or say `\end')
*\setbox\ASYbox=\hbox{\vphantom{$10^4$}$0$}

*
(Please type a command or say `\end')
*\immediate\write16{>dim(\the\wd\ASYbox)dim}
>dim(6.0pt)dim

*\immediate\write16{>dim(\the\ht\ASYbox)dim}
>dim(9.75598pt)dim

*\immediate\write16{>dim(\the\dp\ASYbox)dim}
>dim(0.0pt)dim

*\setbox\ASYbox=\hbox{\vphantom{$10^4$}$1$}

*
(Please type a command or say `\end')
*\immediate\write16{>dim(\the\wd\ASYbox)dim}
>dim(6.0pt)dim

*\immediate\write16{>dim(\the\ht\ASYbox)dim}
>dim(9.75598pt)dim

*\immediate\write16{>dim(\the\dp\ASYbox)dim}
>dim(0.0pt)dim

*\setbox\ASYbox=\hbox{\vphantom{$10^4$}$2$}

*
(Please type a command or say `\end')
*\immediate\write16{>dim(\the\wd\ASYbox)dim}
>dim(6.0pt)dim

*\immediate\write16{>dim(\the\ht\ASYbox)dim}
>dim(9.75598pt)dim

*\immediate\write16{>dim(\the\dp\ASYbox)dim}
>dim(0.0pt)dim

*\setbox\ASYbox=\hbox{\vphantom{$10^4$}$3$}

*
(Please type a command or say `\end')
*\immediate\write16{>dim(\the\wd\ASYbox)dim}
>dim(6.0pt)dim

*\immediate\write16{>dim(\the\ht\ASYbox)dim}
>dim(9.75598pt)dim

*\immediate\write16{>dim(\the\dp\ASYbox)dim}
>dim(0.0pt)dim

*\fontsize{12}{14.4}\selectfont%

*
(Please type a command or say `\end')
*\usefont{\ASYencoding}{\ASYfamily}{\ASYseries}{\ASYshape}%

*
(Please type a command or say `\end')
*\setbox\ASYbox=\hbox{$x$}

*
(Please type a command or say `\end')
*\immediate\write16{>dim(\the\wd\ASYbox)dim}
>dim(7.16399pt)dim

*\immediate\write16{>dim(\the\ht\ASYbox)dim}
>dim(5.484pt)dim

*\immediate\write16{>dim(\the\dp\ASYbox)dim}
>dim(0.0pt)dim

*\fontsize{12}{14.4}\selectfont%

*
(Please type a command or say `\end')
*\usefont{\ASYencoding}{\ASYfamily}{\ASYseries}{\ASYshape}%

*
(Please type a command or say `\end')
*\setbox\ASYbox=\hbox{\vphantom{$10^4$}$0$}

*
(Please type a command or say `\end')
*\immediate\write16{>dim(\the\wd\ASYbox)dim}
>dim(6.0pt)dim

*\immediate\write16{>dim(\the\ht\ASYbox)dim}
>dim(9.75598pt)dim

*\immediate\write16{>dim(\the\dp\ASYbox)dim}
>dim(0.0pt)dim

*\fontsize{12}{14.4}\selectfont%

*
(Please type a command or say `\end')
*\usefont{\ASYencoding}{\ASYfamily}{\ASYseries}{\ASYshape}%

*
(Please type a command or say `\end')
*\setbox\ASYbox=\hbox{\vphantom{$10^4$}$1$}

*
(Please type a command or say `\end')
*\immediate\write16{>dim(\the\wd\ASYbox)dim}
>dim(6.0pt)dim

*\immediate\write16{>dim(\the\ht\ASYbox)dim}
>dim(9.75598pt)dim

*\immediate\write16{>dim(\the\dp\ASYbox)dim}
>dim(0.0pt)dim

*\fontsize{12}{14.4}\selectfont%

*
(Please type a command or say `\end')
*\usefont{\ASYencoding}{\ASYfamily}{\ASYseries}{\ASYshape}%

*
(Please type a command or say `\end')
*\setbox\ASYbox=\hbox{\vphantom{$10^4$}$2$}

*
(Please type a command or say `\end')
*\immediate\write16{>dim(\the\wd\ASYbox)dim}
>dim(6.0pt)dim

*\immediate\write16{>dim(\the\ht\ASYbox)dim}
>dim(9.75598pt)dim

*\immediate\write16{>dim(\the\dp\ASYbox)dim}
>dim(0.0pt)dim

*\fontsize{12}{14.4}\selectfont%

*
(Please type a command or say `\end')
*\usefont{\ASYencoding}{\ASYfamily}{\ASYseries}{\ASYshape}%

*
(Please type a command or say `\end')
*\setbox\ASYbox=\hbox{\vphantom{$10^4$}$3$}

*
(Please type a command or say `\end')
*\immediate\write16{>dim(\the\wd\ASYbox)dim}
>dim(6.0pt)dim

*\immediate\write16{>dim(\the\ht\ASYbox)dim}
>dim(9.75598pt)dim

*\immediate\write16{>dim(\the\dp\ASYbox)dim}
>dim(0.0pt)dim

*\fontsize{8}{9.6}\selectfont%

*
(Please type a command or say `\end')
*\usefont{\ASYencoding}{\ASYfamily}{\ASYseries}{\ASYshape}%

*
(Please type a command or say `\end')
*\setbox\ASYbox=\hbox{\vphantom{$10^4$}$0$}

*
(Please type a command or say `\end')
*\immediate\write16{>dim(\the\wd\ASYbox)dim}
>dim(4.688pt)dim

*\immediate\write16{>dim(\the\ht\ASYbox)dim}
>dim(7.29599pt)dim

*\immediate\write16{>dim(\the\dp\ASYbox)dim}
>dim(0.0pt)dim

*\setbox\ASYbox=\hbox{\vphantom{$10^4$}$4$}

*
(Please type a command or say `\end')
*\immediate\write16{>dim(\the\wd\ASYbox)dim}
>dim(4.688pt)dim

*\immediate\write16{>dim(\the\ht\ASYbox)dim}
>dim(7.29599pt)dim

*\immediate\write16{>dim(\the\dp\ASYbox)dim}
>dim(0.0pt)dim

*\setbox\ASYbox=\hbox{\vphantom{$10^4$}$9$}

*
(Please type a command or say `\end')
*\immediate\write16{>dim(\the\wd\ASYbox)dim}
>dim(4.688pt)dim

*\immediate\write16{>dim(\the\ht\ASYbox)dim}
>dim(7.29599pt)dim

*\immediate\write16{>dim(\the\dp\ASYbox)dim}
>dim(0.0pt)dim

*\fontsize{12}{14.4}\selectfont%

*
(Please type a command or say `\end')
*\usefont{\ASYencoding}{\ASYfamily}{\ASYseries}{\ASYshape}%

*
(Please type a command or say `\end')
*\setbox\ASYbox=\hbox{$y$}

*
(Please type a command or say `\end')
*\immediate\write16{>dim(\the\wd\ASYbox)dim}
>dim(7.40399pt)dim

*\immediate\write16{>dim(\the\ht\ASYbox)dim}
>dim(5.484pt)dim

*\immediate\write16{>dim(\the\dp\ASYbox)dim}
>dim(2.568pt)dim

*\fontsize{8}{9.6}\selectfont%

*
(Please type a command or say `\end')
*\usefont{\ASYencoding}{\ASYfamily}{\ASYseries}{\ASYshape}%

*
(Please type a command or say `\end')
*\setbox\ASYbox=\hbox{\vphantom{$10^4$}$0$}

*
(Please type a command or say `\end')
*\immediate\write16{>dim(\the\wd\ASYbox)dim}
>dim(4.688pt)dim

*\immediate\write16{>dim(\the\ht\ASYbox)dim}
>dim(7.29599pt)dim

*\immediate\write16{>dim(\the\dp\ASYbox)dim}
>dim(0.0pt)dim

*\setbox\ASYbox=\hbox{\vphantom{$10^4$}$4$}

*
(Please type a command or say `\end')
*\immediate\write16{>dim(\the\wd\ASYbox)dim}
>dim(4.688pt)dim

*\immediate\write16{>dim(\the\ht\ASYbox)dim}
>dim(7.29599pt)dim

*\immediate\write16{>dim(\the\dp\ASYbox)dim}
>dim(0.0pt)dim

*\setbox\ASYbox=\hbox{\vphantom{$10^4$}$9$}

*
(Please type a command or say `\end')
*\immediate\write16{>dim(\the\wd\ASYbox)dim}
>dim(4.688pt)dim

*\immediate\write16{>dim(\the\ht\ASYbox)dim}
>dim(7.29599pt)dim

*\immediate\write16{>dim(\the\dp\ASYbox)dim}
>dim(0.0pt)dim

*\fontsize{12}{14.4}\selectfont%

*
(Please type a command or say `\end')
*\setbox\ASYbox=\hbox{$y$}

*
(Please type a command or say `\end')
*\immediate\write16{>dim(\the\wd\ASYbox)dim}
>dim(7.40399pt)dim

*\immediate\write16{>dim(\the\ht\ASYbox)dim}
>dim(5.484pt)dim

*\immediate\write16{>dim(\the\dp\ASYbox)dim}
>dim(2.568pt)dim

*\setbox\ASYbox=\hbox{\vphantom{$10^4$}$0$}

*
(Please type a command or say `\end')
*\immediate\write16{>dim(\the\wd\ASYbox)dim}
>dim(6.0pt)dim

*\immediate\write16{>dim(\the\ht\ASYbox)dim}
>dim(9.75598pt)dim

*\immediate\write16{>dim(\the\dp\ASYbox)dim}
>dim(0.0pt)dim

*\setbox\ASYbox=\hbox{\vphantom{$10^4$}$1$}

*
(Please type a command or say `\end')
*\immediate\write16{>dim(\the\wd\ASYbox)dim}
>dim(6.0pt)dim

*\immediate\write16{>dim(\the\ht\ASYbox)dim}
>dim(9.75598pt)dim

*\immediate\write16{>dim(\the\dp\ASYbox)dim}
>dim(0.0pt)dim

*\setbox\ASYbox=\hbox{\vphantom{$10^4$}$2$}

*
(Please type a command or say `\end')
*\immediate\write16{>dim(\the\wd\ASYbox)dim}
>dim(6.0pt)dim

*\immediate\write16{>dim(\the\ht\ASYbox)dim}
>dim(9.75598pt)dim

*\immediate\write16{>dim(\the\dp\ASYbox)dim}
>dim(0.0pt)dim

*\setbox\ASYbox=\hbox{\vphantom{$10^4$}$3$}

*
(Please type a command or say `\end')
*\immediate\write16{>dim(\the\wd\ASYbox)dim}
>dim(6.0pt)dim

*\immediate\write16{>dim(\the\ht\ASYbox)dim}
>dim(9.75598pt)dim

*\immediate\write16{>dim(\the\dp\ASYbox)dim}
>dim(0.0pt)dim

*\setbox\ASYbox=\hbox{$x$}

*
(Please type a command or say `\end')
*\immediate\write16{>dim(\the\wd\ASYbox)dim}
>dim(7.16399pt)dim

*\immediate\write16{>dim(\the\ht\ASYbox)dim}
>dim(5.484pt)dim

*\immediate\write16{>dim(\the\dp\ASYbox)dim}
>dim(0.0pt)dim

*\fontsize{12}{14.4}\selectfont%

*
(Please type a command or say `\end')
*\usefont{\ASYencoding}{\ASYfamily}{\ASYseries}{\ASYshape}%

*
(Please type a command or say `\end')
*\setbox\ASYbox=\hbox{\vphantom{$10^4$}$0$}

*
(Please type a command or say `\end')
*\immediate\write16{>dim(\the\wd\ASYbox)dim}
>dim(6.0pt)dim

*\immediate\write16{>dim(\the\ht\ASYbox)dim}
>dim(9.75598pt)dim

*\immediate\write16{>dim(\the\dp\ASYbox)dim}
>dim(0.0pt)dim

*\fontsize{12}{14.4}\selectfont%

*
(Please type a command or say `\end')
*\usefont{\ASYencoding}{\ASYfamily}{\ASYseries}{\ASYshape}%

*
(Please type a command or say `\end')
*\setbox\ASYbox=\hbox{\vphantom{$10^4$}$1$}

*
(Please type a command or say `\end')
*\immediate\write16{>dim(\the\wd\ASYbox)dim}
>dim(6.0pt)dim

*\immediate\write16{>dim(\the\ht\ASYbox)dim}
>dim(9.75598pt)dim

*\immediate\write16{>dim(\the\dp\ASYbox)dim}
>dim(0.0pt)dim

*\fontsize{12}{14.4}\selectfont%

*
(Please type a command or say `\end')
*\usefont{\ASYencoding}{\ASYfamily}{\ASYseries}{\ASYshape}%

*
(Please type a command or say `\end')
*\setbox\ASYbox=\hbox{\vphantom{$10^4$}$2$}

*
(Please type a command or say `\end')
*\immediate\write16{>dim(\the\wd\ASYbox)dim}
>dim(6.0pt)dim

*\immediate\write16{>dim(\the\ht\ASYbox)dim}
>dim(9.75598pt)dim

*\immediate\write16{>dim(\the\dp\ASYbox)dim}
>dim(0.0pt)dim

*\fontsize{12}{14.4}\selectfont%

*
(Please type a command or say `\end')
*\usefont{\ASYencoding}{\ASYfamily}{\ASYseries}{\ASYshape}%

*
(Please type a command or say `\end')
*\setbox\ASYbox=\hbox{\vphantom{$10^4$}$3$}

*
(Please type a command or say `\end')
*\immediate\write16{>dim(\the\wd\ASYbox)dim}
>dim(6.0pt)dim

*\immediate\write16{>dim(\the\ht\ASYbox)dim}
>dim(9.75598pt)dim

*\immediate\write16{>dim(\the\dp\ASYbox)dim}
>dim(0.0pt)dim

*\fontsize{12}{14.4}\selectfont%

*
(Please type a command or say `\end')
*\usefont{\ASYencoding}{\ASYfamily}{\ASYseries}{\ASYshape}%

*
(Please type a command or say `\end')
*\setbox\ASYbox=\hbox{\vphantom{$10^4$}$0$}

*
(Please type a command or say `\end')
*\immediate\write16{>dim(\the\wd\ASYbox)dim}
>dim(6.0pt)dim

*\immediate\write16{>dim(\the\ht\ASYbox)dim}
>dim(9.75598pt)dim

*\immediate\write16{>dim(\the\dp\ASYbox)dim}
>dim(0.0pt)dim

*\setbox\ASYbox=\hbox{\vphantom{$10^4$}$1$}

*
(Please type a command or say `\end')
*\immediate\write16{>dim(\the\wd\ASYbox)dim}
>dim(6.0pt)dim

*\immediate\write16{>dim(\the\ht\ASYbox)dim}
>dim(9.75598pt)dim

*\immediate\write16{>dim(\the\dp\ASYbox)dim}
>dim(0.0pt)dim

*\setbox\ASYbox=\hbox{\vphantom{$10^4$}$2$}

*
(Please type a command or say `\end')
*\immediate\write16{>dim(\the\wd\ASYbox)dim}
>dim(6.0pt)dim

*\immediate\write16{>dim(\the\ht\ASYbox)dim}
>dim(9.75598pt)dim

*\immediate\write16{>dim(\the\dp\ASYbox)dim}
>dim(0.0pt)dim

*\setbox\ASYbox=\hbox{\vphantom{$10^4$}$3$}

*
(Please type a command or say `\end')
*\immediate\write16{>dim(\the\wd\ASYbox)dim}
>dim(6.0pt)dim

*\immediate\write16{>dim(\the\ht\ASYbox)dim}
>dim(9.75598pt)dim

*\immediate\write16{>dim(\the\dp\ASYbox)dim}
>dim(0.0pt)dim

*\fontsize{12}{14.4}\selectfont%

*
(Please type a command or say `\end')
*\usefont{\ASYencoding}{\ASYfamily}{\ASYseries}{\ASYshape}%

*
(Please type a command or say `\end')
*\setbox\ASYbox=\hbox{$x$}

*
(Please type a command or say `\end')
*\immediate\write16{>dim(\the\wd\ASYbox)dim}
>dim(7.16399pt)dim

*\immediate\write16{>dim(\the\ht\ASYbox)dim}
>dim(5.484pt)dim

*\immediate\write16{>dim(\the\dp\ASYbox)dim}
>dim(0.0pt)dim

*\fontsize{12}{14.4}\selectfont%

*
(Please type a command or say `\end')
*\usefont{\ASYencoding}{\ASYfamily}{\ASYseries}{\ASYshape}%

*
(Please type a command or say `\end')
*\setbox\ASYbox=\hbox{\vphantom{$10^4$}$0$}

*
(Please type a command or say `\end')
*\immediate\write16{>dim(\the\wd\ASYbox)dim}
>dim(6.0pt)dim

*\immediate\write16{>dim(\the\ht\ASYbox)dim}
>dim(9.75598pt)dim

*\immediate\write16{>dim(\the\dp\ASYbox)dim}
>dim(0.0pt)dim

*\fontsize{12}{14.4}\selectfont%

*
(Please type a command or say `\end')
*\usefont{\ASYencoding}{\ASYfamily}{\ASYseries}{\ASYshape}%

*
(Please type a command or say `\end')
*\setbox\ASYbox=\hbox{\vphantom{$10^4$}$1$}

*
(Please type a command or say `\end')
*\immediate\write16{>dim(\the\wd\ASYbox)dim}
>dim(6.0pt)dim

*\immediate\write16{>dim(\the\ht\ASYbox)dim}
>dim(9.75598pt)dim

*\immediate\write16{>dim(\the\dp\ASYbox)dim}
>dim(0.0pt)dim

*\fontsize{12}{14.4}\selectfont%

*
(Please type a command or say `\end')
*\usefont{\ASYencoding}{\ASYfamily}{\ASYseries}{\ASYshape}%

*
(Please type a command or say `\end')
*\setbox\ASYbox=\hbox{\vphantom{$10^4$}$2$}

*
(Please type a command or say `\end')
*\immediate\write16{>dim(\the\wd\ASYbox)dim}
>dim(6.0pt)dim

*\immediate\write16{>dim(\the\ht\ASYbox)dim}
>dim(9.75598pt)dim

*\immediate\write16{>dim(\the\dp\ASYbox)dim}
>dim(0.0pt)dim

*\fontsize{12}{14.4}\selectfont%

*
(Please type a command or say `\end')
*\usefont{\ASYencoding}{\ASYfamily}{\ASYseries}{\ASYshape}%

*
(Please type a command or say `\end')
*\setbox\ASYbox=\hbox{\vphantom{$10^4$}$3$}

*
(Please type a command or say `\end')
*\immediate\write16{>dim(\the\wd\ASYbox)dim}
>dim(6.0pt)dim

*\immediate\write16{>dim(\the\ht\ASYbox)dim}
>dim(9.75598pt)dim

*\immediate\write16{>dim(\the\dp\ASYbox)dim}
>dim(0.0pt)dim

*\fontsize{8}{9.6}\selectfont%

*
(Please type a command or say `\end')
*\usefont{\ASYencoding}{\ASYfamily}{\ASYseries}{\ASYshape}%

*
(Please type a command or say `\end')
*\setbox\ASYbox=\hbox{\vphantom{$10^4$}$0$}

*
(Please type a command or say `\end')
*\immediate\write16{>dim(\the\wd\ASYbox)dim}
>dim(4.688pt)dim

*\immediate\write16{>dim(\the\ht\ASYbox)dim}
>dim(7.29599pt)dim

*\immediate\write16{>dim(\the\dp\ASYbox)dim}
>dim(0.0pt)dim

*\setbox\ASYbox=\hbox{\vphantom{$10^4$}$4$}

*
(Please type a command or say `\end')
*\immediate\write16{>dim(\the\wd\ASYbox)dim}
>dim(4.688pt)dim

*\immediate\write16{>dim(\the\ht\ASYbox)dim}
>dim(7.29599pt)dim

*\immediate\write16{>dim(\the\dp\ASYbox)dim}
>dim(0.0pt)dim

*\setbox\ASYbox=\hbox{\vphantom{$10^4$}$9$}

*
(Please type a command or say `\end')
*\immediate\write16{>dim(\the\wd\ASYbox)dim}
>dim(4.688pt)dim

*\immediate\write16{>dim(\the\ht\ASYbox)dim}
>dim(7.29599pt)dim

*\immediate\write16{>dim(\the\dp\ASYbox)dim}
>dim(0.0pt)dim

*\fontsize{12}{14.4}\selectfont%

*
(Please type a command or say `\end')
*\usefont{\ASYencoding}{\ASYfamily}{\ASYseries}{\ASYshape}%

*
(Please type a command or say `\end')
*\setbox\ASYbox=\hbox{$y$}

*
(Please type a command or say `\end')
*\immediate\write16{>dim(\the\wd\ASYbox)dim}
>dim(7.40399pt)dim

*\immediate\write16{>dim(\the\ht\ASYbox)dim}
>dim(5.484pt)dim

*\immediate\write16{>dim(\the\dp\ASYbox)dim}
>dim(2.568pt)dim

*\fontsize{8}{9.6}\selectfont%

*
(Please type a command or say `\end')
*\usefont{\ASYencoding}{\ASYfamily}{\ASYseries}{\ASYshape}%

*
(Please type a command or say `\end')
*\setbox\ASYbox=\hbox{\vphantom{$10^4$}$0$}

*
(Please type a command or say `\end')
*\immediate\write16{>dim(\the\wd\ASYbox)dim}
>dim(4.688pt)dim

*\immediate\write16{>dim(\the\ht\ASYbox)dim}
>dim(7.29599pt)dim

*\immediate\write16{>dim